<?xml version="1.0" encoding="UTF-8"?>
<!-- Generated by org.testng.reporters.JUnitXMLReporter -->
<testsuite ignored="0" hostname="DESKTOP-OI1AHPK" failures="1" tests="1" name="Default test(failed)" time="0.123" errors="0" timestamp="2024-06-12T12:48:56 IST">
  <testcase classname="testNGDemo.AssertioninTestng" name="hardAssertionTest" time="0.037">
    <failure type="java.lang.AssertionError" message="Fail status expected [Selenium WebDriver is WebUI Automation tool] but found [Selenium WebDriver is WebUI Automation library]">
      <![CDATA[java.lang.AssertionError: Fail status expected [Selenium WebDriver is WebUI Automation tool] but found [Selenium WebDriver is WebUI Automation library]
at testNGDemo.AssertioninTestng.hardAssertionTest(AssertioninTestng.java:14)
at java.base/java.util.ArrayList.forEach(ArrayList.java:1511)
... Removed 32 stack frames]]>
    </failure>
  </testcase> <!-- hardAssertionTest -->
</testsuite> <!-- Default test(failed) -->
