<?xml version="1.0" encoding="UTF-8"?>
<testng-results ignored="0" total="1" passed="1" failed="0" skipped="0">
  <reporter-output>
  </reporter-output>
  <suite started-at="2024-06-28T00:11:16 IST" name="Default suite" finished-at="2024-06-28T00:11:17 IST" duration-ms="1074">
    <groups>
    </groups>
    <test started-at="2024-06-28T00:11:16 IST" name="Default test" finished-at="2024-06-28T00:11:17 IST" duration-ms="1074">
      <class name="datadriventest.ExtentReportDemo">
        <test-method signature="reportTest()[pri:0, instance:datadriventest.ExtentReportDemo@5b239d7d]" started-at="2024-06-28T00:11:16 IST" name="reportTest" finished-at="2024-06-28T00:11:17 IST" duration-ms="995" status="PASS">
          <reporter-output>
          </reporter-output>
        </test-method> <!-- reportTest -->
      </class> <!-- datadriventest.ExtentReportDemo -->
    </test> <!-- Default test -->
  </suite> <!-- Default suite -->
</testng-results>
